<?xml version="1.0" encoding="UTF-8"?>
<testsuite xmlns:xsi="http://www.w3.org/2001/XMLSchema-instance" xsi:noNamespaceSchemaLocation="https://maven.apache.org/surefire/maven-surefire-plugin/xsd/surefire-test-report-3.0.xsd" version="3.0" name="TodoTest" time="1.505" tests="3" errors="0" skipped="0" failures="0">
  <properties>
[...]
</properties>
  <testcase name="testToString" classname="TodoTest" time="0.55"/>
  <testcase name="testConstructorAndGetTodo" classname="TodoTest" time="0.052"/>
  <testcase name="testSetTodo" classname="TodoTest" time="0.011"/>
</testsuite>